2026/02/02 15:28:29 Email service: Using SMTP
2026/02/02 15:28:29 Scheduler started - Notifications every 10 minutes
2026/02/02 15:28:29 Server starting on port 8080
2026/02/02 15:28:29 Local access: http://localhost:8080
2026/02/02 15:28:29 Network access: http://10.21.12.100:8080
2026/02/02 15:30:00 Sending job notifications (every 10 minutes)...
2026/02/02 15:40:00 Sending job notifications (every 10 minutes)...
2026/02/02 15:50:00 Sending job notifications (every 10 minutes)...
2026/02/02 16:00:00 Sending job notifications (every 10 minutes)...
2026/02/02 16:33:05 Sending job notifications (every 10 minutes)...
2026/02/02 16:40:00 Sending job notifications (every 10 minutes)...
2026/02/02 16:50:00 Sending job notifications (every 10 minutes)...
2026/02/02 17:00:00 Sending job notifications (every 10 minutes)...
2026/02/02 17:10:00 Sending job notifications (every 10 minutes)...
2026/02/02 17:27:22 Sending job notifications (every 10 minutes)...
2026/02/02 17:30:00 Sending job notifications (every 10 minutes)...
2026/02/02 18:03:14 Sending job notifications (every 10 minutes)...
2026/02/02 18:03:14 Starting job scraping...
2026/02/02 18:03:14 Scraping jobs for location: Bangalore
2026/02/02 18:03:14 Fetching: https://www.naukri.com/Chartered-Accountant-jobs-in-Bangalore
2026/02/02 18:03:14 No jobs found on Naukri, using mock data
2026/02/02 18:03:14 Fetching: https://www.naukri.com/Java-jobs-in-Bangalore
2026/02/02 18:03:14 No jobs found on Naukri, using mock data
2026/02/02 18:03:14 Fetching: https://www.naukri.com/Golang-jobs-in-Bangalore
2026/02/02 18:03:14 No jobs found on Naukri, using mock data
2026/02/02 18:03:14 Scraped and stored 6 jobs for Bangalore
2026/02/02 18:03:14 Scraping jobs for location: Mumbai
2026/02/02 18:03:14 Fetching: https://www.naukri.com/Chartered-Accountant-jobs-in-Mumbai
2026/02/02 18:03:15 No jobs found on Naukri, using mock data
2026/02/02 18:03:15 Fetching: https://www.naukri.com/Java-jobs-in-Mumbai
2026/02/02 18:03:15 No jobs found on Naukri, using mock data
2026/02/02 18:03:15 Fetching: https://www.naukri.com/Golang-jobs-in-Mumbai
2026/02/02 18:03:15 No jobs found on Naukri, using mock data
2026/02/02 18:03:15 Scraped and stored 6 jobs for Mumbai
2026/02/02 18:03:15 Scraping jobs for location: Delhi
2026/02/02 18:03:15 Fetching: https://www.naukri.com/Chartered-Accountant-jobs-in-Delhi
2026/02/02 18:03:15 No jobs found on Naukri, using mock data
2026/02/02 18:03:15 Fetching: https://www.naukri.com/Java-jobs-in-Delhi
2026/02/02 18:03:15 No jobs found on Naukri, using mock data
2026/02/02 18:03:15 Fetching: https://www.naukri.com/Golang-jobs-in-Delhi
2026/02/02 18:03:15 No jobs found on Naukri, using mock data
2026/02/02 18:03:15 Scraped and stored 6 jobs for Delhi
2026/02/02 18:03:15 Scraping jobs for location: Hyderabad
2026/02/02 18:03:15 Fetching: https://www.naukri.com/Chartered-Accountant-jobs-in-Hyderabad
2026/02/02 18:03:15 No jobs found on Naukri, using mock data
2026/02/02 18:03:15 Fetching: https://www.naukri.com/Java-jobs-in-Hyderabad
2026/02/02 18:03:16 No jobs found on Naukri, using mock data
2026/02/02 18:03:16 Fetching: https://www.naukri.com/Golang-jobs-in-Hyderabad
2026/02/02 18:03:16 No jobs found on Naukri, using mock data
2026/02/02 18:03:16 Scraped and stored 6 jobs for Hyderabad
2026/02/02 18:03:16 Scraping jobs for location: Pune
2026/02/02 18:03:16 Fetching: https://www.naukri.com/Chartered-Accountant-jobs-in-Pune
2026/02/02 18:03:16 No jobs found on Naukri, using mock data
2026/02/02 18:03:16 Fetching: https://www.naukri.com/Java-jobs-in-Pune
2026/02/02 18:03:16 No jobs found on Naukri, using mock data
2026/02/02 18:03:16 Fetching: https://www.naukri.com/Golang-jobs-in-Pune
2026/02/02 18:03:16 No jobs found on Naukri, using mock data
2026/02/02 18:03:16 Scraped and stored 6 jobs for Pune
2026/02/02 18:10:00 Sending job notifications (every 10 minutes)...
2026/02/02 18:10:04 ✅ Email sent via SMTP to prasadkakileti105@gmail.com
2026/02/02 18:10:04 Sent 2 jobs to prasadkakileti105@gmail.com
2026/02/02 18:10:07 ✅ Email sent via SMTP to test@example.com
2026/02/02 18:10:07 Sent 2 jobs to test@example.com
2026/02/02 18:10:11 ✅ Email sent via SMTP to newuser@example.com
2026/02/02 18:10:11 Sent 2 jobs to newuser@example.com
2026/02/02 18:10:15 ✅ Email sent via SMTP to babusurendra500@gmail.com
2026/02/02 18:10:15 Sent 2 jobs to babusurendra500@gmail.com
2026/02/02 18:10:20 ✅ Email sent via SMTP to newtest@example.com
2026/02/02 18:10:20 Sent 2 jobs to newtest@example.com
2026/02/02 18:10:24 ✅ Email sent via SMTP to testuser123@example.com
2026/02/02 18:10:24 Sent 2 jobs to testuser123@example.com
2026/02/02 18:20:00 Sending job notifications (every 10 minutes)...
2026/02/02 18:30:00 Sending job notifications (every 10 minutes)...
2026/02/02 18:40:00 Sending job notifications (every 10 minutes)...
2026/02/02 18:50:00 Sending job notifications (every 10 minutes)...
2026/02/02 19:00:00 Sending job notifications (every 10 minutes)...
2026/02/02 19:10:00 Sending job notifications (every 10 minutes)...
2026/02/02 19:20:00 Sending job notifications (every 10 minutes)...
2026/02/02 19:30:00 Sending job notifications (every 10 minutes)...
2026/02/02 19:40:00 Sending job notifications (every 10 minutes)...
2026/02/02 19:50:00 Sending job notifications (every 10 minutes)...
2026/02/03 06:01:22 Sending job notifications (every 10 minutes)...
2026/02/03 06:01:22 Starting job scraping...
2026/02/03 06:01:22 Scraping jobs for location: Bangalore
2026/02/03 06:01:22 Fetching: https://www.naukri.com/Chartered-Accountant-jobs-in-Bangalore
2026/02/03 06:01:22 No jobs found on Naukri, using mock data
2026/02/03 06:01:22 Fetching: https://www.naukri.com/Java-jobs-in-Bangalore
2026/02/03 06:01:22 No jobs found on Naukri, using mock data
2026/02/03 06:01:22 Fetching: https://www.naukri.com/Golang-jobs-in-Bangalore
2026/02/03 06:01:23 No jobs found on Naukri, using mock data
2026/02/03 06:01:23 Scraped and stored 6 jobs for Bangalore
2026/02/03 06:01:23 Scraping jobs for location: Mumbai
2026/02/03 06:01:23 Fetching: https://www.naukri.com/Chartered-Accountant-jobs-in-Mumbai
2026/02/03 06:01:23 No jobs found on Naukri, using mock data
2026/02/03 06:01:23 Fetching: https://www.naukri.com/Java-jobs-in-Mumbai
2026/02/03 06:01:25 No jobs found on Naukri, using mock data
2026/02/03 06:01:25 Fetching: https://www.naukri.com/Golang-jobs-in-Mumbai
2026/02/03 06:01:27 No jobs found on Naukri, using mock data
2026/02/03 06:01:27 Scraped and stored 6 jobs for Mumbai
2026/02/03 06:01:27 Scraping jobs for location: Delhi
2026/02/03 06:01:27 Fetching: https://www.naukri.com/Chartered-Accountant-jobs-in-Delhi
2026/02/03 06:01:27 No jobs found on Naukri, using mock data
2026/02/03 06:01:27 Fetching: https://www.naukri.com/Java-jobs-in-Delhi
2026/02/03 06:01:27 No jobs found on Naukri, using mock data
2026/02/03 06:01:27 Fetching: https://www.naukri.com/Golang-jobs-in-Delhi
2026/02/03 06:01:27 No jobs found on Naukri, using mock data
2026/02/03 06:01:27 Scraped and stored 6 jobs for Delhi
2026/02/03 06:01:27 Scraping jobs for location: Hyderabad
2026/02/03 06:01:27 Fetching: https://www.naukri.com/Chartered-Accountant-jobs-in-Hyderabad
2026/02/03 06:01:27 No jobs found on Naukri, using mock data
2026/02/03 06:01:27 Fetching: https://www.naukri.com/Java-jobs-in-Hyderabad
2026/02/03 06:01:28 No jobs found on Naukri, using mock data
2026/02/03 06:01:28 Fetching: https://www.naukri.com/Golang-jobs-in-Hyderabad
2026/02/03 06:01:28 No jobs found on Naukri, using mock data
2026/02/03 06:01:28 Scraped and stored 6 jobs for Hyderabad
2026/02/03 06:01:28 Scraping jobs for location: Pune
2026/02/03 06:01:28 Fetching: https://www.naukri.com/Chartered-Accountant-jobs-in-Pune
2026/02/03 06:01:28 No jobs found on Naukri, using mock data
2026/02/03 06:01:28 Fetching: https://www.naukri.com/Java-jobs-in-Pune
2026/02/03 06:01:28 No jobs found on Naukri, using mock data
2026/02/03 06:01:28 Fetching: https://www.naukri.com/Golang-jobs-in-Pune
2026/02/03 06:01:28 No jobs found on Naukri, using mock data
2026/02/03 06:01:28 Scraped and stored 6 jobs for Pune
2026/02/03 12:46:16 Sending job notifications (every 10 minutes)...
2026/02/03 12:46:16 Starting job scraping...
2026/02/03 12:46:16 Scraping jobs for location: Bangalore
2026/02/03 12:46:16 Fetching: https://www.naukri.com/Chartered-Accountant-jobs-in-Bangalore
2026/02/03 12:46:16 No jobs found on Naukri, using mock data
2026/02/03 12:46:16 Fetching: https://www.naukri.com/Java-jobs-in-Bangalore
2026/02/03 12:46:16 No jobs found on Naukri, using mock data
2026/02/03 12:46:16 Fetching: https://www.naukri.com/Golang-jobs-in-Bangalore
2026/02/03 12:46:16 No jobs found on Naukri, using mock data
2026/02/03 12:46:16 Scraped and stored 6 jobs for Bangalore
2026/02/03 12:46:16 Scraping jobs for location: Mumbai
2026/02/03 12:46:16 Fetching: https://www.naukri.com/Chartered-Accountant-jobs-in-Mumbai
2026/02/03 12:46:16 No jobs found on Naukri, using mock data
2026/02/03 12:46:16 Fetching: https://www.naukri.com/Java-jobs-in-Mumbai
2026/02/03 12:46:17 No jobs found on Naukri, using mock data
2026/02/03 12:46:17 Fetching: https://www.naukri.com/Golang-jobs-in-Mumbai
2026/02/03 12:46:17 No jobs found on Naukri, using mock data
2026/02/03 12:46:17 Scraped and stored 6 jobs for Mumbai
2026/02/03 12:46:17 Scraping jobs for location: Delhi
2026/02/03 12:46:17 Fetching: https://www.naukri.com/Chartered-Accountant-jobs-in-Delhi
2026/02/03 12:46:17 No jobs found on Naukri, using mock data
2026/02/03 12:46:17 Fetching: https://www.naukri.com/Java-jobs-in-Delhi
2026/02/03 12:46:17 No jobs found on Naukri, using mock data
2026/02/03 12:46:17 Fetching: https://www.naukri.com/Golang-jobs-in-Delhi
2026/02/03 12:46:17 No jobs found on Naukri, using mock data
2026/02/03 12:46:17 Scraped and stored 6 jobs for Delhi
2026/02/03 12:46:17 Scraping jobs for location: Hyderabad
2026/02/03 12:46:17 Fetching: https://www.naukri.com/Chartered-Accountant-jobs-in-Hyderabad
2026/02/03 12:46:17 No jobs found on Naukri, using mock data
2026/02/03 12:46:17 Fetching: https://www.naukri.com/Java-jobs-in-Hyderabad
2026/02/03 12:46:18 No jobs found on Naukri, using mock data
2026/02/03 12:46:18 Fetching: https://www.naukri.com/Golang-jobs-in-Hyderabad
2026/02/03 12:46:18 No jobs found on Naukri, using mock data
2026/02/03 12:46:18 Scraped and stored 6 jobs for Hyderabad
2026/02/03 12:46:18 Scraping jobs for location: Pune
2026/02/03 12:46:18 Fetching: https://www.naukri.com/Chartered-Accountant-jobs-in-Pune
2026/02/03 12:46:18 No jobs found on Naukri, using mock data
2026/02/03 12:46:18 Fetching: https://www.naukri.com/Java-jobs-in-Pune
2026/02/03 12:46:18 No jobs found on Naukri, using mock data
2026/02/03 12:46:18 Fetching: https://www.naukri.com/Golang-jobs-in-Pune
2026/02/03 12:46:19 No jobs found on Naukri, using mock data
2026/02/03 12:46:19 Scraped and stored 6 jobs for Pune
2026/02/03 12:46:20 ✅ Email sent via SMTP to prasadkakileti105@gmail.com
2026/02/03 12:46:20 Sent 2 jobs to prasadkakileti105@gmail.com
2026/02/03 12:46:28 ✅ Email sent via SMTP to test@example.com
2026/02/03 12:46:28 Sent 4 jobs to test@example.com
2026/02/03 12:46:31 ✅ Email sent via SMTP to newuser@example.com
2026/02/03 12:46:31 Sent 4 jobs to newuser@example.com
2026/02/03 12:46:34 ✅ Email sent via SMTP to babusurendra500@gmail.com
2026/02/03 12:46:34 Sent 4 jobs to babusurendra500@gmail.com
2026/02/03 12:46:38 ✅ Email sent via SMTP to newtest@example.com
2026/02/03 12:46:38 Sent 4 jobs to newtest@example.com
2026/02/03 12:46:41 ✅ Email sent via SMTP to testuser123@example.com
2026/02/03 12:46:41 Sent 4 jobs to testuser123@example.com
2026/02/03 12:50:00 Sending job notifications (every 10 minutes)...
2026/02/03 12:50:03 ✅ Email sent via SMTP to prasadkakileti105@gmail.com
2026/02/03 12:50:03 Sent 2 jobs to prasadkakileti105@gmail.com
2026/02/03 13:00:00 Sending job notifications (every 10 minutes)...
2026/02/03 13:10:00 Sending job notifications (every 10 minutes)...
2026/02/03 13:20:00 Sending job notifications (every 10 minutes)...
2026/02/03 13:30:00 Sending job notifications (every 10 minutes)...
2026/02/03 13:40:00 Sending job notifications (every 10 minutes)...
2026/02/03 13:50:00 Sending job notifications (every 10 minutes)...
2026/02/03 14:00:00 Sending job notifications (every 10 minutes)...
2026/02/03 14:10:00 Sending job notifications (every 10 minutes)...
2026/02/03 14:20:00 Sending job notifications (every 10 minutes)...
2026/02/03 14:30:00 Sending job notifications (every 10 minutes)...
2026/02/03 15:09:51 Sending job notifications (every 10 minutes)...
2026/02/03 15:10:00 Sending job notifications (every 10 minutes)...
2026/02/03 15:42:47 Sending job notifications (every 10 minutes)...
2026/02/03 15:50:00 Sending job notifications (every 10 minutes)...
2026/02/03 16:00:00 Sending job notifications (every 10 minutes)...
2026/02/03 16:10:00 Sending job notifications (every 10 minutes)...
2026/02/03 16:20:00 Sending job notifications (every 10 minutes)...
2026/02/03 16:30:00 Sending job notifications (every 10 minutes)...
2026/02/03 16:40:00 Sending job notifications (every 10 minutes)...
2026/02/03 16:50:00 Sending job notifications (every 10 minutes)...
2026/02/03 17:00:00 Sending job notifications (every 10 minutes)...
2026/02/03 17:10:00 Sending job notifications (every 10 minutes)...
2026/02/03 17:20:00 Sending job notifications (every 10 minutes)...
2026/02/03 17:50:18 Sending job notifications (every 10 minutes)...
2026/02/03 18:03:51 Starting job scraping...
2026/02/03 18:03:51 Scraping jobs for location: Bangalore
2026/02/03 18:03:51 Sending job notifications (every 10 minutes)...
2026/02/03 18:03:51 Fetching: https://www.naukri.com/Chartered-Accountant-jobs-in-Bangalore
2026/02/03 18:03:52 No jobs found on Naukri, using mock data
2026/02/03 18:03:52 Fetching: https://www.naukri.com/Java-jobs-in-Bangalore
2026/02/03 18:03:52 No jobs found on Naukri, using mock data
2026/02/03 18:03:52 Fetching: https://www.naukri.com/Golang-jobs-in-Bangalore
2026/02/03 18:03:52 No jobs found on Naukri, using mock data
2026/02/03 18:03:52 Scraped and stored 6 jobs for Bangalore
2026/02/03 18:03:52 Scraping jobs for location: Mumbai
2026/02/03 18:03:52 Fetching: https://www.naukri.com/Chartered-Accountant-jobs-in-Mumbai
2026/02/03 18:03:52 No jobs found on Naukri, using mock data
2026/02/03 18:03:52 Fetching: https://www.naukri.com/Java-jobs-in-Mumbai
2026/02/03 18:03:52 No jobs found on Naukri, using mock data
2026/02/03 18:03:52 Fetching: https://www.naukri.com/Golang-jobs-in-Mumbai
2026/02/03 18:03:52 No jobs found on Naukri, using mock data
2026/02/03 18:03:52 Scraped and stored 6 jobs for Mumbai
2026/02/03 18:03:52 Scraping jobs for location: Delhi
2026/02/03 18:03:52 Fetching: https://www.naukri.com/Chartered-Accountant-jobs-in-Delhi
2026/02/03 18:03:52 No jobs found on Naukri, using mock data
2026/02/03 18:03:52 Fetching: https://www.naukri.com/Java-jobs-in-Delhi
2026/02/03 18:03:53 No jobs found on Naukri, using mock data
2026/02/03 18:03:53 Fetching: https://www.naukri.com/Golang-jobs-in-Delhi
2026/02/03 18:03:53 No jobs found on Naukri, using mock data
2026/02/03 18:03:53 Scraped and stored 6 jobs for Delhi
2026/02/03 18:03:53 Scraping jobs for location: Hyderabad
2026/02/03 18:03:53 Fetching: https://www.naukri.com/Chartered-Accountant-jobs-in-Hyderabad
2026/02/03 18:03:53 No jobs found on Naukri, using mock data
2026/02/03 18:03:53 Fetching: https://www.naukri.com/Java-jobs-in-Hyderabad
2026/02/03 18:03:53 No jobs found on Naukri, using mock data
2026/02/03 18:03:53 Fetching: https://www.naukri.com/Golang-jobs-in-Hyderabad
2026/02/03 18:03:54 No jobs found on Naukri, using mock data
2026/02/03 18:03:54 Scraped and stored 6 jobs for Hyderabad
2026/02/03 18:03:54 Scraping jobs for location: Pune
2026/02/03 18:03:54 Fetching: https://www.naukri.com/Chartered-Accountant-jobs-in-Pune
2026/02/03 18:03:54 No jobs found on Naukri, using mock data
2026/02/03 18:03:54 Fetching: https://www.naukri.com/Java-jobs-in-Pune
2026/02/03 18:03:54 No jobs found on Naukri, using mock data
2026/02/03 18:03:54 Fetching: https://www.naukri.com/Golang-jobs-in-Pune
2026/02/03 18:03:54 No jobs found on Naukri, using mock data
2026/02/03 18:03:54 Scraped and stored 6 jobs for Pune
2026/02/03 18:10:00 Sending job notifications (every 10 minutes)...
2026/02/03 18:10:03 ✅ Email sent via SMTP to prasadkakileti105@gmail.com
2026/02/03 18:10:03 Sent 2 jobs to prasadkakileti105@gmail.com
2026/02/03 18:10:07 ✅ Email sent via SMTP to test@example.com
2026/02/03 18:10:07 Sent 2 jobs to test@example.com
2026/02/03 18:10:10 ✅ Email sent via SMTP to newuser@example.com
2026/02/03 18:10:10 Sent 2 jobs to newuser@example.com
2026/02/03 18:10:13 ✅ Email sent via SMTP to babusurendra500@gmail.com
2026/02/03 18:10:13 Sent 2 jobs to babusurendra500@gmail.com
2026/02/03 18:10:17 ✅ Email sent via SMTP to newtest@example.com
2026/02/03 18:10:17 Sent 2 jobs to newtest@example.com
2026/02/03 18:10:20 ✅ Email sent via SMTP to testuser123@example.com
2026/02/03 18:10:20 Sent 2 jobs to testuser123@example.com
2026/02/03 18:20:00 Sending job notifications (every 10 minutes)...
2026/02/03 18:30:00 Sending job notifications (every 10 minutes)...
2026/02/03 18:42:49 Sending job notifications (every 10 minutes)...
2026/02/03 18:50:00 Sending job notifications (every 10 minutes)...
2026/02/03 19:00:00 Sending job notifications (every 10 minutes)...
2026/02/03 19:10:00 Sending job notifications (every 10 minutes)...
2026/02/03 19:20:00 Sending job notifications (every 10 minutes)...
2026/02/03 19:30:00 Sending job notifications (every 10 minutes)...
2026/02/03 19:40:00 Sending job notifications (every 10 minutes)...
2026/02/03 20:11:59 Sending job notifications (every 10 minutes)...
2026/02/03 20:20:00 Sending job notifications (every 10 minutes)...
2026/02/03 20:30:00 Sending job notifications (every 10 minutes)...
2026/02/03 22:44:48 Sending job notifications (every 10 minutes)...
2026/02/03 22:50:00 Sending job notifications (every 10 minutes)...
2026/02/03 23:09:16 Sending job notifications (every 10 minutes)...
2026/02/03 23:10:00 Sending job notifications (every 10 minutes)...
2026/02/03 23:20:00 Sending job notifications (every 10 minutes)...
2026/02/03 23:30:00 Sending job notifications (every 10 minutes)...
2026/02/03 23:40:00 Sending job notifications (every 10 minutes)...
